c:\users\ sergei_admin\source\repos\booking_accounting\release\booking_accounting.ipdb
c:\users\ sergei_admin\source\repos\booking_accounting\release\booking_accounting.iobj
c:\users\ sergei_admin\source\repos\booking_accounting\booking_accounting\release\vc141.pdb
c:\users\ sergei_admin\source\repos\booking_accounting\booking_accounting\release\booking_accountingdlg.obj
c:\users\ sergei_admin\source\repos\booking_accounting\booking_accounting\release\addbookwnd.obj
c:\users\ sergei_admin\source\repos\booking_accounting\booking_accounting\release\booking_accounting.obj
c:\users\ sergei_admin\source\repos\booking_accounting\booking_accounting\release\adddelbookwnd.obj
c:\users\ sergei_admin\source\repos\booking_accounting\booking_accounting\release\make_order.obj
c:\users\ sergei_admin\source\repos\booking_accounting\booking_accounting\release\booking_accounting.pch
c:\users\ sergei_admin\source\repos\booking_accounting\booking_accounting\release\stdafx.obj
c:\users\ sergei_admin\source\repos\booking_accounting\booking_accounting\release\del_order.obj
c:\users\ sergei_admin\source\repos\booking_accounting\release\booking_accounting.exe
c:\users\ sergei_admin\source\repos\booking_accounting\release\booking_accounting.pdb
c:\users\ sergei_admin\source\repos\booking_accounting\booking_accounting\release\bookingaccounting.res
c:\users\ sergei_admin\source\repos\booking_accounting\booking_accounting\release\booking_.1e0304a2.tlog\booking_accounting.write.1u.tlog
c:\users\ sergei_admin\source\repos\booking_accounting\booking_accounting\release\booking_.1e0304a2.tlog\cl.command.1.tlog
c:\users\ sergei_admin\source\repos\booking_accounting\booking_accounting\release\booking_.1e0304a2.tlog\cl.read.1.tlog
c:\users\ sergei_admin\source\repos\booking_accounting\booking_accounting\release\booking_.1e0304a2.tlog\cl.write.1.tlog
c:\users\ sergei_admin\source\repos\booking_accounting\booking_accounting\release\booking_.1e0304a2.tlog\link.command.1.tlog
c:\users\ sergei_admin\source\repos\booking_accounting\booking_accounting\release\booking_.1e0304a2.tlog\link.read.1.tlog
c:\users\ sergei_admin\source\repos\booking_accounting\booking_accounting\release\booking_.1e0304a2.tlog\link.write.1.tlog
c:\users\ sergei_admin\source\repos\booking_accounting\booking_accounting\release\booking_.1e0304a2.tlog\rc.command.1.tlog
c:\users\ sergei_admin\source\repos\booking_accounting\booking_accounting\release\booking_.1e0304a2.tlog\rc.read.1.tlog
c:\users\ sergei_admin\source\repos\booking_accounting\booking_accounting\release\booking_.1e0304a2.tlog\rc.write.1.tlog
